<?xml version="1.0" encoding="UTF-8"?>
<!-- Generated by org.testng.reporters.JUnitXMLReporter -->
<testsuite ignored="3" hostname="Angitha_K" failures="0" tests="1" name="ChromeTest" time="6.825" errors="0" timestamp="2025-04-21T16:37:57 IST">
  <testcase classname="testScript.Base" name="@BeforeMethod browserTestIntilization" time="-1.745233670647E9">
    <failure type="org.testng.TestNGException" message="
Parameter &amp;apos;browser&amp;apos; is required by BeforeMethod on method browserTestIntilization but has not been marked @Optional or defined
in C:\Users\Danit\eclipse-workspace\DemoProject\paralleltesting_test.xml">
      <![CDATA[org.testng.TestNGException: 
Parameter 'browser' is required by BeforeMethod on method browserTestIntilization but has not been marked @Optional or defined
in C:\Users\Danit\eclipse-workspace\DemoProject\paralleltesting_test.xml
at java.base/java.util.ArrayList.forEach(ArrayList.java:1597)
at java.base/java.util.concurrent.FutureTask.run(FutureTask.java:317)
at java.base/java.util.concurrent.ThreadPoolExecutor.runWorker(ThreadPoolExecutor.java:1144)
at java.base/java.util.concurrent.ThreadPoolExecutor$Worker.run(ThreadPoolExecutor.java:642)
at java.base/java.lang.Thread.run(Thread.java:1575)
... Removed 18 stack frames]]>
    </failure>
  </testcase> <!-- @BeforeMethod browserTestIntilization -->
  <testcase classname="testScript.Base" name="@AfterMethod driverQuit" time="0.0">
    <skipped/>
  </testcase> <!-- @AfterMethod driverQuit -->
  <testcase classname="testScript.LoginTest" name="verifyUserAbleToLoginUsingValidCredentials" time="2.694"/>
  <testcase classname="testScript.LoginTest" name="verifyUserAbleToLoginWithWrongUsernameCorrectPassword" time="0.0">
    <ignored/>
  </testcase> <!-- verifyUserAbleToLoginWithWrongUsernameCorrectPassword -->
  <testcase classname="testScript.LoginTest" name="verifyUserAbleToLoginWithWrongUsernameWrongPassword" time="0.0">
    <ignored/>
  </testcase> <!-- verifyUserAbleToLoginWithWrongUsernameWrongPassword -->
  <testcase classname="testScript.LoginTest" name="verifyUserAbleToLoginWithCorrectUsernameWrongPassword" time="0.0">
    <ignored/>
  </testcase> <!-- verifyUserAbleToLoginWithCorrectUsernameWrongPassword -->
</testsuite> <!-- ChromeTest -->
